=> Booting WEBrick
=> Rails 4.1.6 application starting in development on http://0.0.0.0:3000
=> Run `rails server -h` for more startup options
=> Notice: server is listening on all interfaces (0.0.0.0). Consider using 127.0.0.1 (--binding option)
=> Ctrl-C to shutdown server


Started GET "/" for 216.52.207.74 at 2014-11-12 19:36:00 +0000
Processing by UsersController#show as HTML
  MOPED: 127.0.0.1:27017 COMMAND      database=admin command={:ismaster=>1} runtime: 1.1134ms
  MOPED: 127.0.0.1:27017 QUERY        database=amoebicgeofenceNoGeoSpatial_development collection=places selector={"location.height"=>{"$gt"=>5}} flags=[] limit=0 skip=0 batch_size=nil fields=nil runtime: 0.2689ms
**********@test**********
***************
  MOPED: 127.0.0.1:27017 QUERY        database=amoebicgeofenceNoGeoSpatial_development collection=events selector={} flags=[] limit=0 skip=0 batch_size=nil fields=nil runtime: 1.0559ms
*****Present before rec***********
*******Calling Search from first User
Cordinates
-6.2515651
53.3609245
1.0e-05
******************
  MOPED: 127.0.0.1:27017 COMMAND      database=amoebicgeofenceNoGeoSpatial_development command={:geoNear=>"places", :near=>[-6.2515651, 53.3609245], :query=>{}, :spherical=>true, :maxDistance=>1.0e-05} runtime: 1.2960ms
*******Calling Search from rec (@current_user}
0
-6.251665
53.361023
**********@present********
-6.251665
53.361023
-6.251547
53.361208
-6.252008
53.361087
-6.252142
53.360853
-6.251923
53.360587
**********@boundary********
%%%%%%%%%%%%%%%%%%%%%%%%%%%%%%%%%
  MOPED: 127.0.0.1:27017 COMMAND      database=amoebicgeofenceNoGeoSpatial_development command={:geoNear=>"places", :near=>[-6.251665, 53.361023], :query=>{}, :spherical=>true, :maxDistance=>1.0e-05} runtime: 1.8567ms
*******Calling Search from rec (@current_user}
1
-6.251547
53.361208
**********@present********
-6.251665
53.361023
-6.251547
53.361208
-6.252008
53.361087
-6.252142
53.360853
-6.251923
53.360587
**********@boundary********
-6.251665
53.361023
-6.251547
53.361208
-6.252008
53.361087
-6.252142
53.360853
-6.251923
53.360587
%%%%%%%%%%%%%%%%%%%%%%%%%%%%%%%%%
  MOPED: 127.0.0.1:27017 COMMAND      database=amoebicgeofenceNoGeoSpatial_development command={:geoNear=>"places", :near=>[-6.251547, 53.361208], :query=>{}, :spherical=>true, :maxDistance=>1.0e-05} runtime: 1.7868ms
*******Calling Search from rec (@current_user}
2
-6.252008
53.361087
**********@present********
-6.251665
53.361023
-6.251547
53.361208
-6.252008
53.361087
-6.252142
53.360853
-6.251923
53.360587
**********@boundary********
-6.251547
53.361208
-6.251665
53.361023
-6.252008
53.361087
-6.252142
53.360853
%%%%%%%%%%%%%%%%%%%%%%%%%%%%%%%%%
  MOPED: 127.0.0.1:27017 COMMAND      database=amoebicgeofenceNoGeoSpatial_development command={:geoNear=>"places", :near=>[-6.252008, 53.361087], :query=>{}, :spherical=>true, :maxDistance=>1.0e-05} runtime: 1.7015ms
*******Calling Search from rec (@current_user}
3
-6.252142
53.360853
**********@present********
-6.251665
53.361023
-6.251547
53.361208
-6.252008
53.361087
-6.252142
53.360853
-6.251923
53.360587
**********@boundary********
-6.252008
53.361087
-6.251665
53.361023
-6.252142
53.360853
-6.251547
53.361208
-6.251923
53.360587
%%%%%%%%%%%%%%%%%%%%%%%%%%%%%%%%%
  MOPED: 127.0.0.1:27017 COMMAND      database=amoebicgeofenceNoGeoSpatial_development command={:geoNear=>"places", :near=>[-6.252142, 53.360853], :query=>{}, :spherical=>true, :maxDistance=>1.0e-05} runtime: 1.8135ms
*******Calling Search from rec (@current_user}
4
-6.251923
53.360587
**********@present********
-6.251665
53.361023
-6.251547
53.361208
-6.252008
53.361087
-6.252142
53.360853
-6.251923
53.360587
-6.252346
53.360462
**********@boundary********
-6.252008
53.361087
-6.251665
53.361023
-6.252142
53.360853
-6.251547
53.361208
-6.251923
53.360587
%%%%%%%%%%%%%%%%%%%%%%%%%%%%%%%%%
  MOPED: 127.0.0.1:27017 COMMAND      database=amoebicgeofenceNoGeoSpatial_development command={:geoNear=>"places", :near=>[-6.251923, 53.360587], :query=>{}, :spherical=>true, :maxDistance=>1.0e-05} runtime: 2.7368ms
**********FirstRec Called********
**********next_neighbours********
-6.252346
53.360462
-6.252201
53.360206
-6.251665
53.360088
1.0e-05
888888888888888888888888888888888888888
*******Calling Search from rec (@current_user}
0
-6.252346
53.360462
**********@present********
-6.251665
53.361023
-6.251547
53.361208
-6.252008
53.361087
-6.252142
53.360853
-6.251923
53.360587
-6.252346
53.360462
-6.252201
53.360206
-6.251665
53.360088
**********@boundary********
-6.252008
53.361087
-6.251665
53.361023
-6.252142
53.360853
-6.251547
53.361208
-6.251923
53.360587
%%%%%%%%%%%%%%%%%%%%%%%%%%%%%%%%%
  MOPED: 127.0.0.1:27017 COMMAND      database=amoebicgeofenceNoGeoSpatial_development command={:geoNear=>"places", :near=>[-6.252346, 53.360462], :query=>{}, :spherical=>true, :maxDistance=>1.0e-05} runtime: 2.6633ms
*******Calling Search from rec (@current_user}
1
-6.252201
53.360206
**********@present********
-6.251665
53.361023
-6.251547
53.361208
-6.252008
53.361087
-6.252142
53.360853
-6.251923
53.360587
-6.252346
53.360462
-6.252201
53.360206
-6.251665
53.360088
-6.252384
53.360049
**********@boundary********
-6.252008
53.361087
-6.251665
53.361023
-6.252142
53.360853
-6.251547
53.361208
-6.251923
53.360587
%%%%%%%%%%%%%%%%%%%%%%%%%%%%%%%%%
  MOPED: 127.0.0.1:27017 COMMAND      database=amoebicgeofenceNoGeoSpatial_development command={:geoNear=>"places", :near=>[-6.252201, 53.360206], :query=>{}, :spherical=>true, :maxDistance=>1.0e-05} runtime: 2.1983ms
*******Calling Search from rec (@current_user}
2
-6.251665
53.360088
**********@present********
-6.251665
53.361023
-6.251547
53.361208
-6.252008
53.361087
-6.252142
53.360853
-6.251923
53.360587
-6.252346
53.360462
-6.252201
53.360206
-6.251665
53.360088
-6.252384
53.360049
-6.251617
53.359841
**********@boundary********
-6.252008
53.361087
-6.251665
53.361023
-6.252142
53.360853
-6.251547
53.361208
-6.251923
53.360587
%%%%%%%%%%%%%%%%%%%%%%%%%%%%%%%%%
  MOPED: 127.0.0.1:27017 COMMAND      database=amoebicgeofenceNoGeoSpatial_development command={:geoNear=>"places", :near=>[-6.251665, 53.360088], :query=>{}, :spherical=>true, :maxDistance=>1.0e-05} runtime: 1.9643ms
**********FirstRec Called********
**********next_neighbours********
-6.252384
53.360049
-6.251617
53.359841
-6.250962
53.359934
1.0e-05
888888888888888888888888888888888888888
*******Calling Search from rec (@current_user}
0
-6.252384
53.360049
**********@present********
-6.251665
53.361023
-6.251547
53.361208
-6.252008
53.361087
-6.252142
53.360853
-6.251923
53.360587
-6.252346
53.360462
-6.252201
53.360206
-6.251665
53.360088
-6.252384
53.360049
-6.251617
53.359841
-6.250962
53.359934
**********@boundary********
-6.252008
53.361087
-6.251665
53.361023
-6.252142
53.360853
-6.251547
53.361208
-6.251923
53.360587
%%%%%%%%%%%%%%%%%%%%%%%%%%%%%%%%%
  MOPED: 127.0.0.1:27017 COMMAND      database=amoebicgeofenceNoGeoSpatial_development command={:geoNear=>"places", :near=>[-6.252384, 53.360049], :query=>{}, :spherical=>true, :maxDistance=>1.0e-05} runtime: 2.3355ms
*******Calling Search from rec (@current_user}
1
-6.251617
53.359841
**********@present********
-6.251665
53.361023
-6.251547
53.361208
-6.252008
53.361087
-6.252142
53.360853
-6.251923
53.360587
-6.252346
53.360462
-6.252201
53.360206
-6.251665
53.360088
-6.252384
53.360049
-6.251617
53.359841
-6.250962
53.359934
**********@boundary********
-6.252384
53.360049
-6.252201
53.360206
-6.252346
53.360462
-6.251665
53.360088
-6.251617
53.359841
%%%%%%%%%%%%%%%%%%%%%%%%%%%%%%%%%
  MOPED: 127.0.0.1:27017 COMMAND      database=amoebicgeofenceNoGeoSpatial_development command={:geoNear=>"places", :near=>[-6.251617, 53.359841], :query=>{}, :spherical=>true, :maxDistance=>1.0e-05} runtime: 1.5306ms
*******Calling Search from rec (@current_user}
2
-6.250962
53.359934
**********@present********
-6.251665
53.361023
-6.251547
53.361208
-6.252008
53.361087
-6.252142
53.360853
-6.251923
53.360587
-6.252346
53.360462
-6.252201
53.360206
-6.251665
53.360088
-6.252384
53.360049
-6.251617
53.359841
-6.250962
53.359934
**********@boundary********
-6.251617
53.359841
-6.251665
53.360088
-6.250962
53.359934
-6.252384
53.360049
-6.252201
53.360206
%%%%%%%%%%%%%%%%%%%%%%%%%%%%%%%%%
  MOPED: 127.0.0.1:27017 COMMAND      database=amoebicgeofenceNoGeoSpatial_development command={:geoNear=>"places", :near=>[-6.250962, 53.359934], :query=>{}, :spherical=>true, :maxDistance=>1.0e-05} runtime: 2.4508ms
**********FirstRec Called********
**********next_neighbours********
-6.250544
53.359755
-6.250614
53.360174
-6.250361
53.359924
1.0e-05
888888888888888888888888888888888888888
*******Calling Search from rec (@current_user}
0
-6.250544
53.359755
**********@present********
-6.251665
53.361023
-6.251547
53.361208
-6.252008
53.361087
-6.252142
53.360853
-6.251923
53.360587
-6.252346
53.360462
-6.252201
53.360206
-6.251665
53.360088
-6.252384
53.360049
-6.251617
53.359841
-6.250962
53.359934
-6.250544
53.359755
-6.250614
53.360174
-6.250361
53.359924
**********@boundary********
-6.251617
53.359841
-6.251665
53.360088
-6.250962
53.359934
-6.252384
53.360049
-6.252201
53.360206
%%%%%%%%%%%%%%%%%%%%%%%%%%%%%%%%%
  MOPED: 127.0.0.1:27017 COMMAND      database=amoebicgeofenceNoGeoSpatial_development command={:geoNear=>"places", :near=>[-6.250544, 53.359755], :query=>{}, :spherical=>true, :maxDistance=>1.0e-05} runtime: 2.2257ms
*******Calling Search from rec (@current_user}
1
-6.250614
53.360174
**********@present********
-6.251665
53.361023
-6.251547
53.361208
-6.252008
53.361087
-6.252142
53.360853
-6.251923
53.360587
-6.252346
53.360462
-6.252201
53.360206
-6.251665
53.360088
-6.252384
53.360049
-6.251617
53.359841
-6.250962
53.359934
-6.250544
53.359755
-6.250614
53.360174
-6.250361
53.359924
**********@boundary********
-6.250544
53.359755
-6.250361
53.359924
-6.250962
53.359934
-6.250614
53.360174
%%%%%%%%%%%%%%%%%%%%%%%%%%%%%%%%%
  MOPED: 127.0.0.1:27017 COMMAND      database=amoebicgeofenceNoGeoSpatial_development command={:geoNear=>"places", :near=>[-6.250614, 53.360174], :query=>{}, :spherical=>true, :maxDistance=>1.0e-05} runtime: 1.8233ms
*******Calling Search from rec (@current_user}
2
-6.250361
53.359924
**********@present********
-6.251665
53.361023
-6.251547
53.361208
-6.252008
53.361087
-6.252142
53.360853
-6.251923
53.360587
-6.252346
53.360462
-6.252201
53.360206
-6.251665
53.360088
-6.252384
53.360049
-6.251617
53.359841
-6.250962
53.359934
-6.250544
53.359755
-6.250614
53.360174
-6.250361
53.359924
-6.250453
53.360453
-6.250104
53.36035
**********@boundary********
-6.250544
53.359755
-6.250361
53.359924
-6.250962
53.359934
-6.250614
53.360174
%%%%%%%%%%%%%%%%%%%%%%%%%%%%%%%%%
  MOPED: 127.0.0.1:27017 COMMAND      database=amoebicgeofenceNoGeoSpatial_development command={:geoNear=>"places", :near=>[-6.250361, 53.359924], :query=>{}, :spherical=>true, :maxDistance=>1.0e-05} runtime: 1.7511ms
**********FirstRec Called********
**********next_neighbours********
-6.250453
53.360453
-6.250104
53.36035
1.0e-05
888888888888888888888888888888888888888
*******Calling Search from rec (@current_user}
0
-6.250453
53.360453
**********@present********
-6.251665
53.361023
-6.251547
53.361208
-6.252008
53.361087
-6.252142
53.360853
-6.251923
53.360587
-6.252346
53.360462
-6.252201
53.360206
-6.251665
53.360088
-6.252384
53.360049
-6.251617
53.359841
-6.250962
53.359934
-6.250544
53.359755
-6.250614
53.360174
-6.250361
53.359924
-6.250453
53.360453
-6.250104
53.36035
**********@boundary********
-6.250361
53.359924
-6.250544
53.359755
-6.250614
53.360174
-6.250962
53.359934
-6.250104
53.36035
-6.250453
53.360453
%%%%%%%%%%%%%%%%%%%%%%%%%%%%%%%%%
  MOPED: 127.0.0.1:27017 COMMAND      database=amoebicgeofenceNoGeoSpatial_development command={:geoNear=>"places", :near=>[-6.250453, 53.360453], :query=>{}, :spherical=>true, :maxDistance=>1.0e-05} runtime: 2.3151ms
*******Calling Search from rec (@current_user}
1
-6.250104
53.36035
**********@present********
-6.251665
53.361023
-6.251547
53.361208
-6.252008
53.361087
-6.252142
53.360853
-6.251923
53.360587
-6.252346
53.360462
-6.252201
53.360206
-6.251665
53.360088
-6.252384
53.360049
-6.251617
53.359841
-6.250962
53.359934
-6.250544
53.359755
-6.250614
53.360174
-6.250361
53.359924
-6.250453
53.360453
-6.250104
53.36035
-6.249889
53.360712
-6.250211
53.360875
**********@boundary********
-6.250361
53.359924
-6.250544
53.359755
-6.250614
53.360174
-6.250962
53.359934
-6.250104
53.36035
-6.250453
53.360453
%%%%%%%%%%%%%%%%%%%%%%%%%%%%%%%%%
  MOPED: 127.0.0.1:27017 COMMAND      database=amoebicgeofenceNoGeoSpatial_development command={:geoNear=>"places", :near=>[-6.250104, 53.36035], :query=>{}, :spherical=>true, :maxDistance=>1.0e-05} runtime: 1.4340ms
**********FirstRec Called********
**********next_neighbours********
-6.249889
53.360712
-6.250211
53.360875
1.0e-05
888888888888888888888888888888888888888
*******Calling Search from rec (@current_user}
0
-6.249889
53.360712
**********@present********
-6.251665
53.361023
-6.251547
53.361208
-6.252008
53.361087
-6.252142
53.360853
-6.251923
53.360587
-6.252346
53.360462
-6.252201
53.360206
-6.251665
53.360088
-6.252384
53.360049
-6.251617
53.359841
-6.250962
53.359934
-6.250544
53.359755
-6.250614
53.360174
-6.250361
53.359924
-6.250453
53.360453
-6.250104
53.36035
-6.249889
53.360712
-6.250211
53.360875
**********@boundary********
-6.250104
53.36035
-6.250453
53.360453
-6.250614
53.360174
-6.249889
53.360712
-6.250361
53.359924
-6.250211
53.360875
%%%%%%%%%%%%%%%%%%%%%%%%%%%%%%%%%
  MOPED: 127.0.0.1:27017 COMMAND      database=amoebicgeofenceNoGeoSpatial_development command={:geoNear=>"places", :near=>[-6.249889, 53.360712], :query=>{}, :spherical=>true, :maxDistance=>1.0e-05} runtime: 1.7140ms
*******Calling Search from rec (@current_user}
1
-6.250211
53.360875
**********@present********
-6.251665
53.361023
-6.251547
53.361208
-6.252008
53.361087
-6.252142
53.360853
-6.251923
53.360587
-6.252346
53.360462
-6.252201
53.360206
-6.251665
53.360088
-6.252384
53.360049
-6.251617
53.359841
-6.250962
53.359934
-6.250544
53.359755
-6.250614
53.360174
-6.250361
53.359924
-6.250453
53.360453
-6.250104
53.36035
-6.249889
53.360712
-6.250211
53.360875
-6.249766
53.360907
-6.250125
53.361003
**********@boundary********
-6.250104
53.36035
-6.250453
53.360453
-6.250614
53.360174
-6.249889
53.360712
-6.250361
53.359924
-6.250211
53.360875
%%%%%%%%%%%%%%%%%%%%%%%%%%%%%%%%%
  MOPED: 127.0.0.1:27017 COMMAND      database=amoebicgeofenceNoGeoSpatial_development command={:geoNear=>"places", :near=>[-6.250211, 53.360875], :query=>{}, :spherical=>true, :maxDistance=>1.0e-05} runtime: 1.9156ms
**********FirstRec Called********
**********next_neighbours********
-6.249766
53.360907
-6.250125
53.361003
1.0e-05
888888888888888888888888888888888888888
*******Calling Search from rec (@current_user}
0
-6.249766
53.360907
**********@present********
-6.251665
53.361023
-6.251547
53.361208
-6.252008
53.361087
-6.252142
53.360853
-6.251923
53.360587
-6.252346
53.360462
-6.252201
53.360206
-6.251665
53.360088
-6.252384
53.360049
-6.251617
53.359841
-6.250962
53.359934
-6.250544
53.359755
-6.250614
53.360174
-6.250361
53.359924
-6.250453
53.360453
-6.250104
53.36035
-6.249889
53.360712
-6.250211
53.360875
-6.249766
53.360907
-6.250125
53.361003
**********@boundary********
-6.250211
53.360875
-6.250125
53.361003
-6.249889
53.360712
-6.249766
53.360907
-6.250453
53.360453
-6.250104
53.36035
%%%%%%%%%%%%%%%%%%%%%%%%%%%%%%%%%
  MOPED: 127.0.0.1:27017 COMMAND      database=amoebicgeofenceNoGeoSpatial_development command={:geoNear=>"places", :near=>[-6.249766, 53.360907], :query=>{}, :spherical=>true, :maxDistance=>1.0e-05} runtime: 1.1347ms
*******Calling Search from rec (@current_user}
1
-6.250125
53.361003
**********@present********
-6.251665
53.361023
-6.251547
53.361208
-6.252008
53.361087
-6.252142
53.360853
-6.251923
53.360587
-6.252346
53.360462
-6.252201
53.360206
-6.251665
53.360088
-6.252384
53.360049
-6.251617
53.359841
-6.250962
53.359934
-6.250544
53.359755
-6.250614
53.360174
-6.250361
53.359924
-6.250453
53.360453
-6.250104
53.36035
-6.249889
53.360712
-6.250211
53.360875
-6.249766
53.360907
-6.250125
53.361003
**********@boundary********
-6.249766
53.360907
-6.249889
53.360712
-6.250125
53.361003
-6.250211
53.360875
%%%%%%%%%%%%%%%%%%%%%%%%%%%%%%%%%
  MOPED: 127.0.0.1:27017 COMMAND      database=amoebicgeofenceNoGeoSpatial_development command={:geoNear=>"places", :near=>[-6.250125, 53.361003], :query=>{}, :spherical=>true, :maxDistance=>1.0e-05} runtime: 1.1363ms


*************************************************Printing@presentInMap**********